  000_P1_HablarconelUsuario.cpp
C:\Users\ALUMNO\Documents\GitHub\F_de_Programacionzap1164\000_P1_HablarconelUsuario\000_P1_HablarconelUsuario.cpp(17,287): error C3872: '0xa0': este carácter no se permite en un identificador
C:\Users\ALUMNO\Documents\GitHub\F_de_Programacionzap1164\000_P1_HablarconelUsuario\000_P1_HablarconelUsuario.cpp(18,1): error C3872: '0xa0': este carácter no se permite en un identificador
C:\Users\ALUMNO\Documents\GitHub\F_de_Programacionzap1164\000_P1_HablarconelUsuario\000_P1_HablarconelUsuario.cpp(17,287): error C2065: 'â €â €â €â €': identificador no declarado
C:\Users\ALUMNO\Documents\GitHub\F_de_Programacionzap1164\000_P1_HablarconelUsuario\000_P1_HablarconelUsuario.cpp(18,22): error C2001: nueva línea en constante
C:\Users\ALUMNO\Documents\GitHub\F_de_Programacionzap1164\000_P1_HablarconelUsuario\000_P1_HablarconelUsuario.cpp(18,1): error C2146: error de sintaxis: falta ';' delante del identificador 'â €â €â €'
C:\Users\ALUMNO\Documents\GitHub\F_de_Programacionzap1164\000_P1_HablarconelUsuario\000_P1_HablarconelUsuario.cpp(18,1): error C2065: 'â €â €â €': identificador no declarado
C:\Users\ALUMNO\Documents\GitHub\F_de_Programacionzap1164\000_P1_HablarconelUsuario\000_P1_HablarconelUsuario.cpp(18,22): error C2143: error de sintaxis: falta ';' delante de 'cadena'
C:\Users\ALUMNO\Documents\GitHub\F_de_Programacionzap1164\000_P1_HablarconelUsuario\000_P1_HablarconelUsuario.cpp(19,1): error C3872: '0xa0': este carácter no se permite en un identificador
C:\Users\ALUMNO\Documents\GitHub\F_de_Programacionzap1164\000_P1_HablarconelUsuario\000_P1_HablarconelUsuario.cpp(19,1): error C3872: '0xa3': este carácter no se permite en un identificador
C:\Users\ALUMNO\Documents\GitHub\F_de_Programacionzap1164\000_P1_HablarconelUsuario\000_P1_HablarconelUsuario.cpp(19,1): error C3872: '0xa2': este carácter no se permite en un identificador
C:\Users\ALUMNO\Documents\GitHub\F_de_Programacionzap1164\000_P1_HablarconelUsuario\000_P1_HablarconelUsuario.cpp(19,1): error C3872: '0xbb': este carácter no se permite en un identificador
C:\Users\ALUMNO\Documents\GitHub\F_de_Programacionzap1164\000_P1_HablarconelUsuario\000_P1_HablarconelUsuario.cpp(19,1): error C3872: '0xbf': este carácter no se permite en un identificador
C:\Users\ALUMNO\Documents\GitHub\F_de_Programacionzap1164\000_P1_HablarconelUsuario\000_P1_HablarconelUsuario.cpp(19,1): error C3872: '0x8f': este carácter no se permite en un identificador
C:\Users\ALUMNO\Documents\GitHub\F_de_Programacionzap1164\000_P1_HablarconelUsuario\000_P1_HablarconelUsuario.cpp(19,1): error C3872: '0x81': este carácter no se permite en un identificador
C:\Users\ALUMNO\Documents\GitHub\F_de_Programacionzap1164\000_P1_HablarconelUsuario\000_P1_HablarconelUsuario.cpp(20,1): error C3872: '0xa0': este carácter no se permite en un identificador
C:\Users\ALUMNO\Documents\GitHub\F_de_Programacionzap1164\000_P1_HablarconelUsuario\000_P1_HablarconelUsuario.cpp(20,1): error C3872: '0xa2': este carácter no se permite en un identificador
C:\Users\ALUMNO\Documents\GitHub\F_de_Programacionzap1164\000_P1_HablarconelUsuario\000_P1_HablarconelUsuario.cpp(20,1): error C3872: '0xa1': este carácter no se permite en un identificador
C:\Users\ALUMNO\Documents\GitHub\F_de_Programacionzap1164\000_P1_HablarconelUsuario\000_P1_HablarconelUsuario.cpp(20,1): error C3872: '0x81': este carácter no se permite en un identificador
C:\Users\ALUMNO\Documents\GitHub\F_de_Programacionzap1164\000_P1_HablarconelUsuario\000_P1_HablarconelUsuario.cpp(20,1): error C3872: '0xa3': este carácter no se permite en un identificador
C:\Users\ALUMNO\Documents\GitHub\F_de_Programacionzap1164\000_P1_HablarconelUsuario\000_P1_HablarconelUsuario.cpp(20,1): error C3872: '0xbf': este carácter no se permite en un identificador
C:\Users\ALUMNO\Documents\GitHub\F_de_Programacionzap1164\000_P1_HablarconelUsuario\000_P1_HablarconelUsuario.cpp(19,1): error C2146: error de sintaxis: falta ';' delante del identificador 'â €â €â €â €â €â €â €â €â €â €â €â €â €â €â €â €â£ â žâ¢»â£¿â£¿â â €â €â €â €â£ â žâ â¢¸â£¿â£¿â â €â €â €â €â €â €â €â €â €'
C:\Users\ALUMNO\Documents\GitHub\F_de_Programacionzap1164\000_P1_HablarconelUsuario\000_P1_HablarconelUsuario.cpp(21,1): error C3872: '0xa0': este carácter no se permite en un identificador
C:\Users\ALUMNO\Documents\GitHub\F_de_Programacionzap1164\000_P1_HablarconelUsuario\000_P1_HablarconelUsuario.cpp(21,1): error C3872: '0xa3': este carácter no se permite en un identificador
C:\Users\ALUMNO\Documents\GitHub\F_de_Programacionzap1164\000_P1_HablarconelUsuario\000_P1_HablarconelUsuario.cpp(21,1): error C3872: '0xb0': este carácter no se permite en un identificador
C:\Users\ALUMNO\Documents\GitHub\F_de_Programacionzap1164\000_P1_HablarconelUsuario\000_P1_HablarconelUsuario.cpp(21,1): error C3872: '0x2039': este carácter no se permite en un identificador
C:\Users\ALUMNO\Documents\GitHub\F_de_Programacionzap1164\000_P1_HablarconelUsuario\000_P1_HablarconelUsuario.cpp(21,1): error C3872: '0xa2': este carácter no se permite en un identificador
C:\Users\ALUMNO\Documents\GitHub\F_de_Programacionzap1164\000_P1_HablarconelUsuario\000_P1_HablarconelUsuario.cpp(21,1): error C3872: '0xa1': este carácter no se permite en un identificador
C:\Users\ALUMNO\Documents\GitHub\F_de_Programacionzap1164\000_P1_HablarconelUsuario\000_P1_HablarconelUsuario.cpp(21,1): error C3872: '0x81': este carácter no se permite en un identificador
C:\Users\ALUMNO\Documents\GitHub\F_de_Programacionzap1164\000_P1_HablarconelUsuario\000_P1_HablarconelUsuario.cpp(19,1): error C2065: 'â €â €â €â €â €â €â €â €â €â €â €â €â €â €â €â €â£ â žâ¢»â£¿â£¿â â €â €â €â €â£ â žâ â¢¸â£¿â£¿â â €â €â €â €â €â €â €â €â €': identificador no declarado
C:\Users\ALUMNO\Documents\GitHub\F_de_Programacionzap1164\000_P1_HablarconelUsuario\000_P1_HablarconelUsuario.cpp(20,1): error C2146: error de sintaxis: falta ';' delante del identificador 'â €â €â €â €â €â €â €â €â €â €â €â €â €â €â¢ â¡žâ â €â¢¸â£¿â¡Ÿâ €â €â €â¢€â¡¾â â €â €â¢¸â¡¿â ƒâ €â €â €â €â €â €â €â €â €â €'
C:\Users\ALUMNO\Documents\GitHub\F_de_Programacionzap1164\000_P1_HablarconelUsuario\000_P1_HablarconelUsuario.cpp(22,1): error C3872: '0xa0': este carácter no se permite en un identificador
C:\Users\ALUMNO\Documents\GitHub\F_de_Programacionzap1164\000_P1_HablarconelUsuario\000_P1_HablarconelUsuario.cpp(22,1): error C3872: '0xa2': este carácter no se permite en un identificador
C:\Users\ALUMNO\Documents\GitHub\F_de_Programacionzap1164\000_P1_HablarconelUsuario\000_P1_HablarconelUsuario.cpp(22,1): error C3872: '0xa1': este carácter no se permite en un identificador
C:\Users\ALUMNO\Documents\GitHub\F_de_Programacionzap1164\000_P1_HablarconelUsuario\000_P1_HablarconelUsuario.cpp(22,1): error C3872: '0xa3': este carácter no se permite en un identificador
C:\Users\ALUMNO\Documents\GitHub\F_de_Programacionzap1164\000_P1_HablarconelUsuario\000_P1_HablarconelUsuario.cpp(22,1): error C3872: '0x81': este carácter no se permite en un identificador
C:\Users\ALUMNO\Documents\GitHub\F_de_Programacionzap1164\000_P1_HablarconelUsuario\000_P1_HablarconelUsuario.cpp(22,1): error C3872: '0xa4': este carácter no se permite en un identificador
C:\Users\ALUMNO\Documents\GitHub\F_de_Programacionzap1164\000_P1_HablarconelUsuario\000_P1_HablarconelUsuario.cpp(22,1): error C3872: '0xb6': este carácter no se permite en un identificador
C:\Users\ALUMNO\Documents\GitHub\F_de_Programacionzap1164\000_P1_HablarconelUsuario\000_P1_HablarconelUsuario.cpp(22,1): error C3872: '0x2019': este carácter no se permite en un identificador
C:\Users\ALUMNO\Documents\GitHub\F_de_Programacionzap1164\000_P1_HablarconelUsuario\000_P1_HablarconelUsuario.cpp(22,1): error C3872: '0x203a': este carácter no se permite en un identificador
C:\Users\ALUMNO\Documents\GitHub\F_de_Programacionzap1164\000_P1_HablarconelUsuario\000_P1_HablarconelUsuario.cpp(22,1): error C3872: '0xa6': este carácter no se permite en un identificador
C:\Users\ALUMNO\Documents\GitHub\F_de_Programacionzap1164\000_P1_HablarconelUsuario\000_P1_HablarconelUsuario.cpp(22,1): error C3872: '0x8f': este carácter no se permite en un identificador
C:\Users\ALUMNO\Documents\GitHub\F_de_Programacionzap1164\000_P1_HablarconelUsuario\000_P1_HablarconelUsuario.cpp(20,1): error C2065: 'â €â €â €â €â €â €â €â €â €â €â €â €â €â €â¢ â¡žâ â €â¢¸â£¿â¡Ÿâ €â €â €â¢€â¡¾â â €â €â¢¸â¡¿â ƒâ €â €â €â €â €â €â €â €â €â €': identificador no declarado
C:\Users\ALUMNO\Documents\GitHub\F_de_Programacionzap1164\000_P1_HablarconelUsuario\000_P1_HablarconelUsuario.cpp(21,1): error C2146: error de sintaxis: falta ';' delante del identificador 'â €â €â €â €â €â €â €â €â €â €â €â €â €â£°â ‹â €â €â €â£¸â Ÿâ €â €â €â£ â Ÿâ €â €â €â¢€â¡žâ â €â €â €â €â €â €â €â €â €â €â €'
C:\Users\ALUMNO\Documents\GitHub\F_de_Programacionzap1164\000_P1_HablarconelUsuario\000_P1_HablarconelUsuario.cpp(23,1): error C3872: '0xa0': este carácter no se permite en un identificador
C:\Users\ALUMNO\Documents\GitHub\F_de_Programacionzap1164\000_P1_HablarconelUsuario\000_P1_HablarconelUsuario.cpp(23,1): error C3872: '0xa2': este carácter no se permite en un identificador
C:\Users\ALUMNO\Documents\GitHub\F_de_Programacionzap1164\000_P1_HablarconelUsuario\000_P1_HablarconelUsuario.cpp(23,1): error C3872: '0xa1': este carácter no se permite en un identificador
C:\Users\ALUMNO\Documents\GitHub\F_de_Programacionzap1164\000_P1_HablarconelUsuario\000_P1_HablarconelUsuario.cpp(23,1): error C3872: '0x2030': este carácter no se permite en un identificador
C:\Users\ALUMNO\Documents\GitHub\F_de_Programacionzap1164\000_P1_HablarconelUsuario\000_P1_HablarconelUsuario.cpp(23,1): error C3872: '0xa3': este carácter no se permite en un identificador
C:\Users\ALUMNO\Documents\GitHub\F_de_Programacionzap1164\000_P1_HablarconelUsuario\000_P1_HablarconelUsuario.cpp(23,1): error C3872: '0x81': este carácter no se permite en un identificador
C:\Users\ALUMNO\Documents\GitHub\F_de_Programacionzap1164\000_P1_HablarconelUsuario\000_P1_HablarconelUsuario.cpp(21,1): error C2065: 'â €â €â €â €â €â €â €â €â €â €â €â €â €â£°â ‹â €â €â €â£¸â Ÿâ €â €â €â£ â Ÿâ €â €â €â¢€â¡žâ â €â €â €â €â €â €â €â €â €â €â €': identificador no declarado
C:\Users\ALUMNO\Documents\GitHub\F_de_Programacionzap1164\000_P1_HablarconelUsuario\000_P1_HablarconelUsuario.cpp(22,1): error C2146: error de sintaxis: falta ';' delante del identificador 'â €â €â €â €â €â €â €â €â €â €â €â¢€â¡¼â£â£ â ¤â ¶â ’â ›â ¶â ¦â¢¤â£´â ƒâ €â €â €â£ â â €â €â €â €â €â €â €â €â €â €â €â €â €'
C:\Users\ALUMNO\Documents\GitHub\F_de_Programacionzap1164\000_P1_HablarconelUsuario\000_P1_HablarconelUsuario.cpp(24,1): error C3872: '0xa0': este carácter no se permite en un identificador
C:\Users\ALUMNO\Documents\GitHub\F_de_Programacionzap1164\000_P1_HablarconelUsuario\000_P1_HablarconelUsuario.cpp(24,1): error C3872: '0xa2': este carácter no se permite en un identificador
C:\Users\ALUMNO\Documents\GitHub\F_de_Programacionzap1164\000_P1_HablarconelUsuario\000_P1_HablarconelUsuario.cpp(24,1): error C3872: '0xa1': este carácter no se permite en un identificador
C:\Users\ALUMNO\Documents\GitHub\F_de_Programacionzap1164\000_P1_HablarconelUsuario\000_P1_HablarconelUsuario.cpp(24,1): error C3872: '0x81': este carácter no se permite en un identificador
C:\Users\ALUMNO\Documents\GitHub\F_de_Programacionzap1164\000_P1_HablarconelUsuario\000_P1_HablarconelUsuario.cpp(24,1): error C3872: '0xb0': este carácter no se permite en un identificador
C:\Users\ALUMNO\Documents\GitHub\F_de_Programacionzap1164\000_P1_HablarconelUsuario\000_P1_HablarconelUsuario.cpp(24,1): error C3872: '0xa3': este carácter no se permite en un identificador
C:\Users\ALUMNO\Documents\GitHub\F_de_Programacionzap1164\000_P1_HablarconelUsuario\000_P1_HablarconelUsuario.cpp(24,1): error C3872: '0xbb': este carácter no se permite en un identificador
C:\Users\ALUMNO\Documents\GitHub\F_de_Programacionzap1164\000_P1_HablarconelUsuario\000_P1_HablarconelUsuario.cpp(24,1): error C3872: '0x201e': este carácter no se permite en un identificador
C:\Users\ALUMNO\Documents\GitHub\F_de_Programacionzap1164\000_P1_HablarconelUsuario\000_P1_HablarconelUsuario.cpp(22,1): error C2065: 'â €â €â €â €â €â €â €â €â €â €â €â¢€â¡¼â£â£ â ¤â ¶â ’â ›â ¶â ¦â¢¤â£´â ƒâ €â €â €â£ â â €â €â €â €â €â €â €â €â €â €â €â €â €': identificador no declarado
C:\Users\ALUMNO\Documents\GitHub\F_de_Programacionzap1164\000_P1_HablarconelUsuario\000_P1_HablarconelUsuario.cpp(23,1): error C2146: error de sintaxis: falta ';' delante del identificador 'â €â €â €â €â €â €â €â €â €â €â¢€â¡¾â ‰â ‰â €â €â €â €â €â €â €â €â ƒâ €â €â£ â žâ â €â €â €â €â €â €â¡€â €â €â €â €â €â €â €'
C:\Users\ALUMNO\Documents\GitHub\F_de_Programacionzap1164\000_P1_HablarconelUsuario\000_P1_HablarconelUsuario.cpp(25,1): error C3872: '0xa0': este carácter no se permite en un identificador
C:\Users\ALUMNO\Documents\GitHub\F_de_Programacionzap1164\000_P1_HablarconelUsuario\000_P1_HablarconelUsuario.cpp(25,1): error C3872: '0xa3': este carácter no se permite en un identificador
C:\Users\ALUMNO\Documents\GitHub\F_de_Programacionzap1164\000_P1_HablarconelUsuario\000_P1_HablarconelUsuario.cpp(25,1): error C3872: '0xa2': este carácter no se permite en un identificador
C:\Users\ALUMNO\Documents\GitHub\F_de_Programacionzap1164\000_P1_HablarconelUsuario\000_P1_HablarconelUsuario.cpp(25,1): error C3872: '0xb0': este carácter no se permite en un identificador
C:\Users\ALUMNO\Documents\GitHub\F_de_Programacionzap1164\000_P1_HablarconelUsuario\000_P1_HablarconelUsuario.cpp(25,1): error C3872: '0xa1': este carácter no se permite en un identificador
C:\Users\ALUMNO\Documents\GitHub\F_de_Programacionzap1164\000_P1_HablarconelUsuario\000_P1_HablarconelUsuario.cpp(25,1): error C3872: '0x2013': este carácter no se permite en un identificador
C:\Users\ALUMNO\Documents\GitHub\F_de_Programacionzap1164\000_P1_HablarconelUsuario\000_P1_HablarconelUsuario.cpp(25,1): error C3872: '0x2020': este carácter no se permite en un identificador
C:\Users\ALUMNO\Documents\GitHub\F_de_Programacionzap1164\000_P1_HablarconelUsuario\000_P1_HablarconelUsuario.cpp(25,1): error C3872: '0x81': este carácter no se permite en un identificador
C:\Users\ALUMNO\Documents\GitHub\F_de_Programacionzap1164\000_P1_HablarconelUsuario\000_P1_HablarconelUsuario.cpp(23,1): error C2065: 'â €â €â €â €â €â €â €â €â €â €â¢€â¡¾â ‰â ‰â €â €â €â €â €â €â €â €â ƒâ €â €â£ â žâ â €â €â €â €â €â €â¡€â €â €â €â €â €â €â €': identificador no declarado
C:\Users\ALUMNO\Documents\GitHub\F_de_Programacionzap1164\000_P1_HablarconelUsuario\000_P1_HablarconelUsuario.cpp(24,1): error C2146: error de sintaxis: falta ';' delante del identificador 'â €â €â €â €â €â €â €â €â €â¢ â¡žâ â €â €â €â €â €â €â €â €â €â €â €â €â °â£¯â €â €â €â €â €â£€â¡´â šâ¢»â£„â €â €â €â €â €â €'
C:\Users\ALUMNO\Documents\GitHub\F_de_Programacionzap1164\000_P1_HablarconelUsuario\000_P1_HablarconelUsuario.cpp(26,1): error C3872: '0xa0': este carácter no se permite en un identificador
C:\Users\ALUMNO\Documents\GitHub\F_de_Programacionzap1164\000_P1_HablarconelUsuario\000_P1_HablarconelUsuario.cpp(26,1): error C3872: '0xa2': este carácter no se permite en un identificador
C:\Users\ALUMNO\Documents\GitHub\F_de_Programacionzap1164\000_P1_HablarconelUsuario\000_P1_HablarconelUsuario.cpp(26,1): error C3872: '0xa1': este carácter no se permite en un identificador
C:\Users\ALUMNO\Documents\GitHub\F_de_Programacionzap1164\000_P1_HablarconelUsuario\000_P1_HablarconelUsuario.cpp(26,1): error C3872: '0x2021': este carácter no se permite en un identificador
C:\Users\ALUMNO\Documents\GitHub\F_de_Programacionzap1164\000_P1_HablarconelUsuario\000_P1_HablarconelUsuario.cpp(26,1): error C3872: '0xa3': este carácter no se permite en un identificador
C:\Users\ALUMNO\Documents\GitHub\F_de_Programacionzap1164\000_P1_HablarconelUsuario\000_P1_HablarconelUsuario.cpp(26,1): error C3872: '0xbf': este carácter no se permite en un identificador
C:\Users\ALUMNO\Documents\GitHub\F_de_Programacionzap1164\000_P1_HablarconelUsuario\000_P1_HablarconelUsuario.cpp(26,1): error C3872: '0xbb': este carácter no se permite en un identificador
C:\Users\ALUMNO\Documents\GitHub\F_de_Programacionzap1164\000_P1_HablarconelUsuario\000_P1_HablarconelUsuario.cpp(26,1): error C3872: '0x81': este carácter no se permite en un identificador
C:\Users\ALUMNO\Documents\GitHub\F_de_Programacionzap1164\000_P1_HablarconelUsuario\000_P1_HablarconelUsuario.cpp(26,1): error C3872: '0xa6': este carácter no se permite en un identificador
C:\Users\ALUMNO\Documents\GitHub\F_de_Programacionzap1164\000_P1_HablarconelUsuario\000_P1_HablarconelUsuario.cpp(24,1): error C2065: 'â €â €â €â €â €â €â €â €â €â¢ â¡žâ â €â €â €â €â €â €â €â €â €â €â €â €â °â£¯â €â €â €â €â €â£€â¡´â šâ¢»â£„â €â €â €â €â €â €': identificador no declarado
C:\Users\ALUMNO\Documents\GitHub\F_de_Programacionzap1164\000_P1_HablarconelUsuario\000_P1_HablarconelUsuario.cpp(25,1): error C2146: error de sintaxis: falta ';' delante del identificador 'â €â €â €â €â €â €â €â €â €â£¾â¢°â¡–â£†â €â €â €â €â €â¡–â ºâ£·â¡€â €â €â €â¢¸â¡†â €â£€â¡´â šâ â €â ˆâ ¢â¡Šâ¢·â¡€â €â €â €â €'
C:\Users\ALUMNO\Documents\GitHub\F_de_Programacionzap1164\000_P1_HablarconelUsuario\000_P1_HablarconelUsuario.cpp(27,1): error C3872: '0xa0': este carácter no se permite en un identificador
C:\Users\ALUMNO\Documents\GitHub\F_de_Programacionzap1164\000_P1_HablarconelUsuario\000_P1_HablarconelUsuario.cpp(27,1): error C3872: '0xa1': este carácter no se permite en un identificador
C:\Users\ALUMNO\Documents\GitHub\F_de_Programacionzap1164\000_P1_HablarconelUsuario\000_P1_HablarconelUsuario.cpp(27,1): error C3872: '0xbf': este carácter no se permite en un identificador
C:\Users\ALUMNO\Documents\GitHub\F_de_Programacionzap1164\000_P1_HablarconelUsuario\000_P1_HablarconelUsuario.cpp(27,1): error C3872: '0xa2': este carácter no se permite en un identificador
C:\Users\ALUMNO\Documents\GitHub\F_de_Programacionzap1164\000_P1_HablarconelUsuario\000_P1_HablarconelUsuario.cpp(27,1): error C3872: '0x2020': este carácter no se permite en un identificador
C:\Users\ALUMNO\Documents\GitHub\F_de_Programacionzap1164\000_P1_HablarconelUsuario\000_P1_HablarconelUsuario.cpp(27,1): error C3872: '0x81': este carácter no se permite en un identificador
C:\Users\ALUMNO\Documents\GitHub\F_de_Programacionzap1164\000_P1_HablarconelUsuario\000_P1_HablarconelUsuario.cpp(27,1): error C3872: '0x2030': este carácter no se permite en un identificador
C:\Users\ALUMNO\Documents\GitHub\F_de_Programacionzap1164\000_P1_HablarconelUsuario\000_P1_HablarconelUsuario.cpp(27,1): error C3872: '0x2021': este carácter no se permite en un identificador
C:\Users\ALUMNO\Documents\GitHub\F_de_Programacionzap1164\000_P1_HablarconelUsuario\000_P1_HablarconelUsuario.cpp(27,1): error C3872: '0x201e': este carácter no se permite en un identificador
C:\Users\ALUMNO\Documents\GitHub\F_de_Programacionzap1164\000_P1_HablarconelUsuario\000_P1_HablarconelUsuario.cpp(25,1): error C2065: 'â €â €â €â €â €â €â €â €â €â£¾â¢°â¡–â£†â €â €â €â €â €â¡–â ºâ£·â¡€â €â €â €â¢¸â¡†â €â£€â¡´â šâ â €â ˆâ ¢â¡Šâ¢·â¡€â €â €â €â €': identificador no declarado
C:\Users\ALUMNO\Documents\GitHub\F_de_Programacionzap1164\000_P1_HablarconelUsuario\000_P1_HablarconelUsuario.cpp(26,1): error C2146: error de sintaxis: falta ';' delante del identificador 'â €â €â €â €â €â €â €â €â¢€â¡‡â ¸â£¿â ‡â¢€â €â €â €â €â »â¢¿â£¿â ‡â €â €â €â €â¡·â žâ â €â €â €â €â €â €â ˆâ €â ™â¢¦â €â €â €'
C:\Users\ALUMNO\Documents\GitHub\F_de_Programacionzap1164\000_P1_HablarconelUsuario\000_P1_HablarconelUsuario.cpp(28,1): error C3872: '0xa0': este carácter no se permite en un identificador
C:\Users\ALUMNO\Documents\GitHub\F_de_Programacionzap1164\000_P1_HablarconelUsuario\000_P1_HablarconelUsuario.cpp(28,1): error C3872: '0xa2': este carácter no se permite en un identificador
C:\Users\ALUMNO\Documents\GitHub\F_de_Programacionzap1164\000_P1_HablarconelUsuario\000_P1_HablarconelUsuario.cpp(28,1): error C3872: '0xa1': este carácter no se permite en un identificador
C:\Users\ALUMNO\Documents\GitHub\F_de_Programacionzap1164\000_P1_HablarconelUsuario\000_P1_HablarconelUsuario.cpp(28,1): error C3872: '0x2030': este carácter no se permite en un identificador
C:\Users\ALUMNO\Documents\GitHub\F_de_Programacionzap1164\000_P1_HablarconelUsuario\000_P1_HablarconelUsuario.cpp(28,1): error C3872: '0x81': este carácter no se permite en un identificador
C:\Users\ALUMNO\Documents\GitHub\F_de_Programacionzap1164\000_P1_HablarconelUsuario\000_P1_HablarconelUsuario.cpp(28,1): error C3872: '0xb1': este carácter no se permite en un identificador
C:\Users\ALUMNO\Documents\GitHub\F_de_Programacionzap1164\000_P1_HablarconelUsuario\000_P1_HablarconelUsuario.cpp(28,1): error C3872: '0xa4': este carácter no se permite en un identificador
C:\Users\ALUMNO\Documents\GitHub\F_de_Programacionzap1164\000_P1_HablarconelUsuario\000_P1_HablarconelUsuario.cpp(28,1): error C3872: '0x2021': este carácter no se permite en un identificador
C:\Users\ALUMNO\Documents\GitHub\F_de_Programacionzap1164\000_P1_HablarconelUsuario\000_P1_HablarconelUsuario.cpp(28,1): fatal error C1003: el recuento de errores supera 100; se detiene la compilación
